No         Date/Time            Browser            Access Path
---------  -------------------  -----------------  ---------------------------------------------------------------------------------------
000000001  2024-11-23 02:15:09  Google Chrome       : C:\xampp\htdocs\hris\application\controllers\Welcome\index 
000000002  2024-11-23 02:17:44  Google Chrome       : C:\xampp\htdocs\hris\application\controllers\Welcome\index 
000000003  2024-11-23 02:22:44  Google Chrome       : C:\xampp\htdocs\hris\application\controllers\Welcome\index 
000000004  2024-11-23 06:11:11  Google Chrome      C:\xampp\htdocs\hris\application\controllers\SignIn\index 
000000005  2024-11-23 06:12:28  Google Chrome      C:\xampp\htdocs\hris\application\controllers\SignIn\index 
000000006  2024-11-23 06:13:43  Google Chrome      C:\xampp\htdocs\hris\application\controllers\SignIn\index 
000000007  2024-11-23 06:15:13  Google Chrome      C:\xampp\htdocs\hris\application\controllers\SignIn\index 
000000008  2024-11-23 06:15:30  Google Chrome      C:\xampp\htdocs\hris\application\controllers\SignIn\index 
000000009  2024-11-23 06:19:13  Google Chrome      C:\xampp\htdocs\hris\application\controllers\SignIn\index 
000000010  2024-11-23 06:19:49  Google Chrome      C:\xampp\htdocs\hris\application\controllers\SignIn\index 
000000011  2024-11-23 06:21:47  Google Chrome      C:\xampp\htdocs\hris\application\controllers\SignIn\index 
000000012  2024-11-23 06:23:45  Google Chrome      C:\xampp\htdocs\hris\application\controllers\SignIn\index 
000000013  2024-11-23 06:25:59  Google Chrome      C:\xampp\htdocs\hris\application\controllers\SignIn\index 
000000014  2024-11-23 06:29:13  Google Chrome      C:\xampp\htdocs\hris\application\controllers\SignIn\index 
000000015  2024-11-23 06:29:22  Google Chrome      C:\xampp\htdocs\hris\application\controllers\SignIn\index 
000000016  2024-11-23 06:30:13  Google Chrome      C:\xampp\htdocs\hris\application\controllers\SignIn\index 
000000017  2024-11-23 06:30:16  Google Chrome      C:\xampp\htdocs\hris\application\controllers\SignIn\index 
000000018  2024-11-23 06:30:21  Google Chrome      C:\xampp\htdocs\hris\application\controllers\SignIn\index 
000000019  2024-11-23 06:31:35  Google Chrome      C:\xampp\htdocs\hris\application\controllers\SignIn\index 
000000020  2024-11-23 06:39:58  Google Chrome      C:\xampp\htdocs\hris\application\controllers\SignIn\index 
000000021  2024-11-23 06:42:06  Google Chrome      C:\xampp\htdocs\hris\application\controllers\SignIn\index 
000000022  2024-11-23 06:42:11  Google Chrome      C:\xampp\htdocs\hris\application\controllers\SignIn\index 
000000023  2024-11-23 06:42:14  Google Chrome      C:\xampp\htdocs\hris\application\controllers\SignIn\index 
000000024  2024-11-23 07:22:11  Google Chrome      C:\xampp\htdocs\hris\application\controllers\Authentication\SignUp\index 
000000025  2024-11-23 07:22:41  Google Chrome      C:\xampp\htdocs\hris\application\controllers\Authentication\SignUp\index 
000000026  2024-11-23 07:23:28  Google Chrome      C:\xampp\htdocs\hris\application\controllers\Authentication\SignUp\index 
000000027  2024-11-23 07:24:18  Google Chrome      C:\xampp\htdocs\hris\application\controllers\Authentication\SignUp\index 
000000028  2024-11-23 07:24:44  Google Chrome      C:\xampp\htdocs\hris\application\controllers\Authentication\SignUp\index 
000000029  2024-11-23 07:25:37  Google Chrome      C:\xampp\htdocs\hris\application\controllers\Authentication\SignUp\index 
000000030  2024-11-23 07:26:22  Google Chrome      C:\xampp\htdocs\hris\application\controllers\Authentication\SignUp\index 
000000031  2024-11-23 07:26:30  Google Chrome      C:\xampp\htdocs\hris\application\controllers\SignIn\index 
000000032  2024-11-23 07:26:33  Google Chrome      C:\xampp\htdocs\hris\application\controllers\Authentication\SignUp\index 
000000033  2024-11-23 07:26:53  Google Chrome      C:\xampp\htdocs\hris\application\controllers\Authentication\SignUp\index 
000000034  2024-11-23 07:30:33  Google Chrome      C:\xampp\htdocs\hris\application\controllers\Authentication\SignUp\index 
000000035  2024-11-23 07:31:10  Google Chrome      C:\xampp\htdocs\hris\application\controllers\Authentication\SignUp\index 
000000036  2024-11-23 07:31:26  Google Chrome      C:\xampp\htdocs\hris\application\controllers\Authentication\SignUp\index 
000000037  2024-11-23 07:31:41  Google Chrome      C:\xampp\htdocs\hris\application\controllers\Authentication\SignUp\index 
000000038  2024-11-23 07:31:59  Google Chrome      C:\xampp\htdocs\hris\application\controllers\SignIn\index 
000000039  2024-11-23 07:32:33  Google Chrome      C:\xampp\htdocs\hris\application\controllers\SignIn\index 
000000040  2024-11-23 07:32:40  Google Chrome      C:\xampp\htdocs\hris\application\controllers\Authentication\SignUp\index 
000000041  2024-11-23 07:33:14  Google Chrome      C:\xampp\htdocs\hris\application\controllers\Authentication\SignUp\index 
000000042  2024-11-23 07:33:24  Google Chrome      C:\xampp\htdocs\hris\application\controllers\SignIn\index 
000000043  2024-11-23 07:35:36  Google Chrome      C:\xampp\htdocs\hris\application\controllers\SignIn\index 
000000044  2024-11-23 07:35:44  Google Chrome      C:\xampp\htdocs\hris\application\controllers\Authentication\SignUp\index 
000000045  2024-11-23 07:35:48  Google Chrome      C:\xampp\htdocs\hris\application\controllers\SignIn\index 
000000046  2024-11-23 07:35:50  Google Chrome      C:\xampp\htdocs\hris\application\controllers\Authentication\SignUp\index 
000000047  2024-11-23 07:35:53  Google Chrome      C:\xampp\htdocs\hris\application\controllers\SignIn\index 
000000048  2024-11-23 07:38:18  Google Chrome      C:\xampp\htdocs\hris\application\controllers\SignIn\index 
000000049  2024-11-23 07:38:22  Google Chrome      C:\xampp\htdocs\hris\application\controllers\Authentication\SignUp\index 
000000050  2024-11-23 07:44:13  Google Chrome      C:\xampp\htdocs\hris\application\controllers\SignIn\index 
000000051  2024-11-23 07:44:17  Google Chrome      C:\xampp\htdocs\hris\application\controllers\Authentication\SignUp\index 
000000052  2024-11-23 07:47:17  Google Chrome      C:\xampp\htdocs\hris\application\controllers\Authentication\SignUp\index 
000000053  2024-11-23 07:47:40  Google Chrome      C:\xampp\htdocs\hris\application\controllers\Authentication\SignUp\index 
000000054  2024-11-23 07:47:48  Google Chrome      C:\xampp\htdocs\hris\application\controllers\SignIn\index 
000000055  2024-11-23 07:47:55  Google Chrome      C:\xampp\htdocs\hris\application\controllers\SignIn\index 
000000056  2024-11-23 07:48:10  Google Chrome      C:\xampp\htdocs\hris\application\controllers\Authentication\SignUp\index 
000000057  2024-11-23 07:48:16  Google Chrome      C:\xampp\htdocs\hris\application\controllers\SignIn\index 
000000058  2024-11-23 07:48:19  Google Chrome      C:\xampp\htdocs\hris\application\controllers\Authentication\SignUp\index 
000000059  2024-11-23 07:48:21  Google Chrome      C:\xampp\htdocs\hris\application\controllers\Authentication\SignUp\index 
000000060  2024-11-23 07:54:44  Google Chrome      C:\xampp\htdocs\hris\application\controllers\Authentication\SignUp\index 
000000061  2024-11-23 07:54:49  Google Chrome      C:\xampp\htdocs\hris\application\controllers\Authentication\SignUp\index 
000000062  2024-11-23 07:54:52  Google Chrome      C:\xampp\htdocs\hris\application\controllers\SignIn\index 
000000063  2024-11-23 07:57:03  Google Chrome      C:\xampp\htdocs\hris\application\controllers\SignIn\index 
000000064  2024-11-23 07:57:57  Google Chrome      C:\xampp\htdocs\hris\application\controllers\SignIn\index 
000000065  2024-11-23 07:59:11  Google Chrome      C:\xampp\htdocs\hris\application\controllers\Authentication\SignUp\index 
000000066  2024-11-23 07:59:17  Google Chrome      C:\xampp\htdocs\hris\application\controllers\SignIn\index 
000000067  2024-11-23 07:59:46  Google Chrome      C:\xampp\htdocs\hris\application\controllers\SignIn\index 
000000068  2024-11-23 08:00:18  Google Chrome      C:\xampp\htdocs\hris\application\controllers\SignIn\index 
000000069  2024-11-23 08:11:46  Google Chrome      C:\xampp\htdocs\hris\application\controllers\SignIn\index 
000000070  2024-11-23 08:11:57  Google Chrome      C:\xampp\htdocs\hris\application\controllers\Authentication\SignUp\index 
000000071  2024-11-23 08:25:23  Google Chrome      C:\xampp\htdocs\hris\application\controllers\SignIn\index 
000000072  2024-11-23 09:24:41  Google Chrome      C:\xampp\htdocs\hris\application\controllers\Authentication\SignUp\index 
000000073  2024-11-23 10:16:52  Google Chrome      C:\xampp\htdocs\hris\application\controllers\SignIn\index 
000000074  2024-11-23 10:43:50  Google Chrome      C:\xampp\htdocs\hris\application\controllers\Authentication\SignUp\index 
000000075  2024-11-23 10:44:33  Google Chrome      C:\xampp\htdocs\hris\application\controllers\SignIn\index 
000000076  2024-11-23 11:32:08  Google Chrome      C:\xampp\htdocs\hris\application\controllers\SignIn\index 
000000077  2024-11-23 11:32:54  Google Chrome      C:\xampp\htdocs\hris\application\controllers\SignIn\index 
000000078  2024-11-23 11:34:54  Google Chrome      C:\xampp\htdocs\hris\application\controllers\SignIn\index 
000000079  2024-11-23 11:35:18  Google Chrome      C:\xampp\htdocs\hris\application\controllers\SignIn\index 
000000080  2024-11-23 11:35:27  Google Chrome      C:\xampp\htdocs\hris\application\controllers\SignIn\index 
000000081  2024-11-23 11:35:36  Google Chrome      C:\xampp\htdocs\hris\application\controllers\SignIn\index 
000000082  2024-11-23 11:35:50  Google Chrome      C:\xampp\htdocs\hris\application\controllers\Authentication\SignUp\index 
000000083  2024-11-23 11:36:20  Google Chrome      C:\xampp\htdocs\hris\application\controllers\Authentication\SignUp\index 
000000084  2024-11-23 11:36:26  Google Chrome      C:\xampp\htdocs\hris\application\controllers\SignIn\index 
000000085  2024-11-23 11:37:10  Google Chrome      C:\xampp\htdocs\hris\application\controllers\SignIn\index 
000000086  2024-11-23 11:37:22  Google Chrome      C:\xampp\htdocs\hris\application\controllers\SignIn\index 
000000087  2024-11-23 11:37:25  Google Chrome      C:\xampp\htdocs\hris\application\controllers\Authentication\SignUp\index 
000000088  2024-11-23 11:38:04  Google Chrome      C:\xampp\htdocs\hris\application\controllers\Authentication\SignUp\index 
000000089  2024-11-23 11:38:17  Google Chrome      C:\xampp\htdocs\hris\application\controllers\Authentication\SignUp\index 
000000090  2024-11-23 11:38:21  Google Chrome      C:\xampp\htdocs\hris\application\controllers\SignIn\index 
000000091  2024-11-23 11:38:24  Google Chrome      C:\xampp\htdocs\hris\application\controllers\Authentication\SignUp\index 
000000092  2024-11-23 11:38:27  Google Chrome      C:\xampp\htdocs\hris\application\controllers\SignIn\index 
000000093  2024-11-23 11:38:42  Google Chrome      C:\xampp\htdocs\hris\application\controllers\SignIn\index 
000000094  2024-11-23 11:38:47  Google Chrome      C:\xampp\htdocs\hris\application\controllers\Authentication\SignUp\index 
000000095  2024-11-23 11:40:10  Google Chrome      C:\xampp\htdocs\hris\application\controllers\Authentication\SignUp\index 
000000096  2024-11-23 11:40:20  Google Chrome      C:\xampp\htdocs\hris\application\controllers\Authentication\SignUp\index 
000000097  2024-11-23 11:40:29  Google Chrome      C:\xampp\htdocs\hris\application\controllers\SignIn\index 
000000098  2024-11-23 11:40:33  Google Chrome      C:\xampp\htdocs\hris\application\controllers\Authentication\SignUp\index 
000000099  2024-11-23 11:40:55  Google Chrome      C:\xampp\htdocs\hris\application\controllers\Authentication\SignUp\index 
000000100  2024-11-23 11:40:56  Google Chrome       : C:\xampp\htdocs\hris\application\models\Authentication\SignUpModel\saveUserAccount save data user to table iso_users
000000101  2024-11-23 11:40:56  Google Chrome       : C:\xampp\htdocs\hris\application\models\Authentication\SignUpModel\saveUserAccount save data user_accounts failed : Unknown column 'user_role' in 'field list'
000000102  2024-11-23 11:42:19  Google Chrome      C:\xampp\htdocs\hris\application\controllers\Authentication\SignUp\index 
000000103  2024-11-23 11:45:18  Google Chrome       : C:\xampp\htdocs\hris\application\models\Authentication\SignUpModel\saveUserAccount save data user to table iso_users
000000104  2024-11-23 11:45:18  Google Chrome       : C:\xampp\htdocs\hris\application\models\Authentication\SignUpModel\saveUserAccount save data user_accounts failed : Unknown column 'user_role' in 'field list'
000000105  2024-11-23 11:46:35  Google Chrome      C:\xampp\htdocs\hris\application\controllers\Authentication\SignUp\index 
000000106  2024-11-23 11:46:50  Google Chrome      C:\xampp\htdocs\hris\application\controllers\Authentication\SignUp\index 
000000107  2024-11-23 11:46:56  Google Chrome       : C:\xampp\htdocs\hris\application\models\Authentication\SignUpModel\saveUserAccount save data user to table iso_users
000000108  2024-11-23 11:46:56  Google Chrome       : C:\xampp\htdocs\hris\application\models\Authentication\SignUpModel\saveUserAccount save data user_accounts failed : Unknown column 'user_role' in 'field list'
000000109  2024-11-23 11:48:45  Google Chrome      C:\xampp\htdocs\hris\application\controllers\Authentication\SignUp\index 
000000110  2024-11-23 11:49:44  Google Chrome       : C:\xampp\htdocs\hris\application\models\Authentication\SignUpModel\saveUserAccount save data user to table iso_users
000000111  2024-11-23 11:51:00  Google Chrome       : C:\xampp\htdocs\hris\application\models\Authentication\SignUpModel\saveUserAccount save data user_accounts failed : Unknown column 'user_role' in 'field list'
000000112  2024-11-23 11:51:47  Google Chrome      C:\xampp\htdocs\hris\application\controllers\Authentication\SignUp\index 
000000113  2024-11-23 11:51:59  Google Chrome       : C:\xampp\htdocs\hris\application\models\Authentication\SignUpModel\saveUserAccount save data user to table iso_users
000000114  2024-11-23 11:53:23  Google Chrome       : C:\xampp\htdocs\hris\application\models\Authentication\SignUpModel\saveUserAccount save data user account successfully
000000115  2024-11-23 11:56:19  Google Chrome      C:\xampp\htdocs\hris\application\controllers\Authentication\SignUp\index 
000000116  2024-11-23 11:56:24  Google Chrome      C:\xampp\htdocs\hris\application\controllers\Authentication\SignUp\index 
000000117  2024-11-23 11:56:41  Google Chrome      C:\xampp\htdocs\hris\application\controllers\Authentication\SignUp\index 
000000118  2024-11-23 11:56:41  Google Chrome       : C:\xampp\htdocs\hris\application\models\Authentication\SignUpModel\saveUserAccount save data user to table iso_users
000000119  2024-11-23 11:57:33  Google Chrome       : C:\xampp\htdocs\hris\application\models\Authentication\SignUpModel\saveUserAccount save data user account successfully
000000120  2024-11-23 11:57:49  Google Chrome       : C:\xampp\htdocs\hris\application\libraries\SendMail\sendMail started send mail : to haripramono360@gmail.com ,cc  ,subject Verification New Register Account In Web Monitoring
000000121  2024-11-23 11:59:28  Google Chrome      C:\xampp\htdocs\hris\application\controllers\Authentication\SignUp\index 
000000122  2024-11-23 11:59:28  Google Chrome       : C:\xampp\htdocs\hris\application\models\Authentication\SignUpModel\saveUserAccount save data user to table iso_users
000000123  2024-11-23 11:59:28  Google Chrome       : C:\xampp\htdocs\hris\application\models\Authentication\SignUpModel\saveUserAccount save data user account successfully
000000124  2024-11-23 12:00:18  Google Chrome       : C:\xampp\htdocs\hris\application\libraries\SendMail\sendMail started send mail : to haripramono360@gmail.com ,cc  ,subject Verification New Register Account In Web Monitoring
000000125  2024-11-23 12:01:12  Google Chrome       : C:\xampp\htdocs\hris\application\libraries\SendMail\sendMail send mail failed : to haripramono360@gmail.com ,cc  ,subject Verification New Register Account In Web Monitoring ,Mailer Error: SMTP connect() failed. https://github.com/PHPMailer/PHPMailer/wiki/Troubleshooting
000000126  2024-11-23 12:01:12  Google Chrome      C:\xampp\htdocs\hris\application\controllers\Authentication\SignUp\index 
000000127  2024-11-23 12:02:14  Google Chrome       : C:\xampp\htdocs\hris\application\libraries\SendMail\sendMail started send mail : to haripramono360@gmail.com ,cc  ,subject test subject
000000128  2024-11-23 12:02:20  Google Chrome       : C:\xampp\htdocs\hris\application\libraries\SendMail\sendMail send mail failed : to haripramono360@gmail.com ,cc  ,subject test subject ,Mailer Error: SMTP connect() failed. https://github.com/PHPMailer/PHPMailer/wiki/Troubleshooting
000000129  2024-11-23 12:02:20  Google Chrome      C:\xampp\htdocs\hris\application\controllers\SignIn\index 
000000130  2024-11-23 12:02:40  Google Chrome       : C:\xampp\htdocs\hris\application\libraries\SendMail\sendMail started send mail : to haripramono360@gmail.com ,cc  ,subject test subject
000000131  2024-11-23 12:02:41  Google Chrome       : C:\xampp\htdocs\hris\application\libraries\SendMail\sendMail send mail failed : to haripramono360@gmail.com ,cc  ,subject test subject ,Mailer Error: SMTP connect() failed. https://github.com/PHPMailer/PHPMailer/wiki/Troubleshooting
000000132  2024-11-23 12:02:41  Google Chrome      C:\xampp\htdocs\hris\application\controllers\SignIn\index 
000000133  2024-11-23 12:03:08  Google Chrome       : C:\xampp\htdocs\hris\application\libraries\SendMail\sendMail started send mail : to haripramono360@gmail.com ,cc  ,subject test subject
000000134  2024-11-23 12:03:09  Google Chrome       : C:\xampp\htdocs\hris\application\libraries\SendMail\sendMail send mail failed : to haripramono360@gmail.com ,cc  ,subject test subject ,Mailer Error: SMTP connect() failed. https://github.com/PHPMailer/PHPMailer/wiki/Troubleshooting
000000135  2024-11-23 12:03:24  Google Chrome       : C:\xampp\htdocs\hris\application\libraries\SendMail\sendMail started send mail : to haripramono360@gmail.com ,cc  ,subject test subject
000000136  2024-11-23 12:05:09  Google Chrome       : C:\xampp\htdocs\hris\application\libraries\SendMail\sendMail send mail failed : to haripramono360@gmail.com ,cc  ,subject test subject ,Mailer Error: SMTP connect() failed. https://github.com/PHPMailer/PHPMailer/wiki/Troubleshooting
000000137  2024-11-23 12:13:03  Google Chrome       : C:\xampp\htdocs\hris\application\libraries\SendMail\sendMail started send mail : to haripramono360@gmail.com ,cc  ,subject test subject
000000138  2024-11-23 12:13:06  Google Chrome       : C:\xampp\htdocs\hris\application\libraries\SendMail\sendMail send mail failed : to haripramono360@gmail.com ,cc  ,subject test subject ,Mailer Error: SMTP connect() failed. https://github.com/PHPMailer/PHPMailer/wiki/Troubleshooting
000000139  2024-11-23 12:13:28  Google Chrome       : C:\xampp\htdocs\hris\application\libraries\SendMail\sendMail started send mail : to haripramono360@gmail.com ,cc  ,subject test subject
000000140  2024-11-23 12:13:59  Google Chrome       : C:\xampp\htdocs\hris\application\libraries\SendMail\sendMail send mail failed : to haripramono360@gmail.com ,cc  ,subject test subject ,Mailer Error: SMTP connect() failed. https://github.com/PHPMailer/PHPMailer/wiki/Troubleshooting
000000141  2024-11-23 12:14:53  Google Chrome       : C:\xampp\htdocs\hris\application\libraries\SendMail\sendMail started send mail : to haripramono360@gmail.com ,cc  ,subject test subject
000000142  2024-11-23 12:15:18  Google Chrome       : C:\xampp\htdocs\hris\application\libraries\SendMail\sendMail send mail failed : to haripramono360@gmail.com ,cc  ,subject test subject ,Mailer Error: SMTP connect() failed. https://github.com/PHPMailer/PHPMailer/wiki/Troubleshooting
000000143  2024-11-23 12:20:04  Google Chrome       : C:\xampp\htdocs\hris\application\libraries\SendMail\sendMail started send mail : to haripramono360@gmail.com ,cc  ,subject test subject
000000144  2024-11-23 12:20:17  Google Chrome       : C:\xampp\htdocs\hris\application\libraries\SendMail\sendMail send mail failed : to haripramono360@gmail.com ,cc  ,subject test subject ,Mailer Error: SMTP connect() failed. https://github.com/PHPMailer/PHPMailer/wiki/Troubleshooting
000000145  2024-11-23 12:24:16  Google Chrome       : C:\xampp\htdocs\hris\application\libraries\SendMail\sendMail started send mail : to haripramono360@gmail.com ,cc  ,subject test subject
000000146  2024-11-23 12:25:47  Google Chrome       : C:\xampp\htdocs\hris\application\libraries\SendMail\sendMail started send mail : to haripramono360@gmail.com ,cc  ,subject test subject
000000147  2024-11-23 12:33:47  Google Chrome       : C:\xampp\htdocs\hris\application\libraries\SendMail\sendMail started send mail : to haripramono360@gmail.com ,cc  ,subject test subject
000000148  2024-11-23 12:34:37  Google Chrome       : C:\xampp\htdocs\hris\application\libraries\SendMail\sendMail started send mail : to haripramono360@gmail.com ,cc  ,subject test subject
000000149  2024-11-23 12:36:00  Google Chrome       : C:\xampp\htdocs\hris\application\libraries\SendMail\sendMail started send mail : to haripramono360@gmail.com ,cc  ,subject test subject
000000150  2024-11-23 12:36:44  Google Chrome       : C:\xampp\htdocs\hris\application\libraries\SendMail\sendMail started send mail : to haripramono360@gmail.com ,cc  ,subject test subject
000000151  2024-11-23 12:39:16  Google Chrome       : C:\xampp\htdocs\hris\application\libraries\SendMail\sendMail started send mail : to haripramono360@gmail.com ,cc  ,subject test subject
000000152  2024-11-23 12:42:40  Google Chrome       : C:\xampp\htdocs\hris\application\libraries\SendMail\sendMail started send mail : to haripramono360@gmail.com ,cc  ,subject test subject
000000153  2024-11-23 12:43:01  Google Chrome       : C:\xampp\htdocs\hris\application\libraries\SendMail\sendMail started send mail : to haripramono360@gmail.com ,cc  ,subject test subject
000000154  2024-11-23 12:46:18  Google Chrome       : C:\xampp\htdocs\hris\application\libraries\SendMail\sendMail started send mail : to haripramono360@gmail.com ,cc  ,subject test subject
000000155  2024-11-23 12:47:37  Google Chrome       : C:\xampp\htdocs\hris\application\libraries\SendMail\sendMail started send mail : to haripramono360@gmail.com ,cc  ,subject test subject
000000156  2024-11-23 12:48:45  Google Chrome       : C:\xampp\htdocs\hris\application\libraries\SendMail\sendMail started send mail : to haripramono360@gmail.com ,cc  ,subject test subject
000000157  2024-11-23 12:53:13  Google Chrome       : C:\xampp\htdocs\hris\application\libraries\SendMail\sendMail started send mail : to haripramono360@gmail.com ,cc  ,subject test subject
000000158  2024-11-23 15:02:29  Google Chrome       : C:\xampp\htdocs\hris\application\libraries\SendMail\sendMail send mail success : to haripramono360@gmail.com ,cc  ,subject test subject
000000159  2024-11-23 15:13:02  Google Chrome      C:\xampp\htdocs\hris\application\controllers\SignIn\index 
000000160  2024-11-23 15:13:17  Google Chrome      C:\xampp\htdocs\hris\application\controllers\Authentication\SignUp\index 
000000161  2024-11-23 15:13:29  Google Chrome      C:\xampp\htdocs\hris\application\controllers\SignIn\index 
000000162  2024-11-23 15:18:03  Google Chrome      C:\xampp\htdocs\hris\application\controllers\SignIn\index 
000000163  2024-11-23 15:18:56  Google Chrome      C:\xampp\htdocs\hris\application\controllers\SignIn\index 
000000164  2024-11-23 15:26:36  Google Chrome      C:\xampp\htdocs\hris\application\controllers\SignIn\index 
000000165  2024-11-23 15:26:53  Google Chrome      C:\xampp\htdocs\hris\application\controllers\SignIn\index 
000000166  2024-11-23 15:27:49  Google Chrome      C:\xampp\htdocs\hris\application\controllers\SignIn\index 
000000167  2024-11-23 15:45:55  Google Chrome      C:\xampp\htdocs\hris\application\controllers\SignIn\index 
000000168  2024-11-23 15:55:59  Google Chrome      hari01 : C:\xampp\htdocs\hris\application\controllers\Dashboard\Home\index 
000000169  2024-11-23 16:06:35  Google Chrome      hari01 : C:\xampp\htdocs\hris\application\controllers\Dashboard\Home\index 
000000170  2024-11-23 16:07:28  Google Chrome      hari01 : C:\xampp\htdocs\hris\application\controllers\SignIn\logout 
000000171  2024-11-23 16:07:29  Google Chrome      C:\xampp\htdocs\hris\application\controllers\SignIn\index 
000000172  2024-11-23 16:07:39  Google Chrome      C:\xampp\htdocs\hris\application\controllers\SignIn\index 
000000173  2024-11-23 16:11:17  Google Chrome      C:\xampp\htdocs\hris\application\controllers\SignIn\index 
000000174  2024-11-23 16:11:17  Google Chrome      hari01 : C:\xampp\htdocs\hris\application\controllers\Dashboard\Home\index 
000000175  2024-11-23 16:11:32  Google Chrome      hari01 : C:\xampp\htdocs\hris\application\controllers\SignIn\logout 
000000176  2024-11-23 16:11:33  Google Chrome      C:\xampp\htdocs\hris\application\controllers\SignIn\index 
000000177  2024-11-23 16:11:43  Google Chrome      C:\xampp\htdocs\hris\application\controllers\SignIn\index 
000000178  2024-11-23 16:12:26  Google Chrome      C:\xampp\htdocs\hris\application\controllers\SignIn\index 
000000179  2024-11-23 16:12:26  Google Chrome      hari01 : C:\xampp\htdocs\hris\application\controllers\Dashboard\Home\index 
000000180  2024-11-23 16:12:30  Google Chrome      hari01 : C:\xampp\htdocs\hris\application\controllers\Dashboard\Home\index 
000000181  2024-11-23 16:12:35  Google Chrome      hari01 : C:\xampp\htdocs\hris\application\controllers\SignIn\logout 
000000182  2024-11-23 16:12:35  Google Chrome      C:\xampp\htdocs\hris\application\controllers\SignIn\index 
000000183  2024-11-23 16:12:44  Google Chrome      C:\xampp\htdocs\hris\application\controllers\SignIn\index 
000000184  2024-11-23 16:20:42  Google Chrome      hari01 : C:\xampp\htdocs\hris\application\controllers\SignIn\logout 
000000185  2024-11-23 16:20:43  Google Chrome      C:\xampp\htdocs\hris\application\controllers\SignIn\index 
000000186  2024-11-23 16:20:52  Google Chrome      C:\xampp\htdocs\hris\application\controllers\SignIn\index 
000000187  2024-11-23 16:21:02  Google Chrome      hari01 : C:\xampp\htdocs\hris\application\controllers\Dashboard\Home\index 
000000188  2024-11-23 16:22:15  Google Chrome      hari01 : C:\xampp\htdocs\hris\application\controllers\Dashboard\Home\index 
000000189  2024-11-23 16:22:57  Google Chrome      hari01 : C:\xampp\htdocs\hris\application\controllers\Dashboard\Home\index 
000000190  2024-11-23 16:23:46  Google Chrome      hari01 : C:\xampp\htdocs\hris\application\controllers\Dashboard\Home\index 
000000191  2024-11-23 16:24:09  Google Chrome      hari01 : C:\xampp\htdocs\hris\application\controllers\Dashboard\Home\index 
000000192  2024-11-23 16:26:51  Google Chrome      hari01 : C:\xampp\htdocs\hris\application\controllers\Dashboard\Home\index 
000000193  2024-11-23 16:28:23  Google Chrome      hari01 : C:\xampp\htdocs\hris\application\controllers\Dashboard\Home\index 
000000194  2024-11-23 16:28:45  Google Chrome      hari01 : C:\xampp\htdocs\hris\application\controllers\Dashboard\Home\index 
000000195  2024-11-23 16:29:33  Google Chrome      hari01 : C:\xampp\htdocs\hris\application\controllers\Dashboard\Home\index 
000000196  2024-11-23 16:30:02  Google Chrome      hari01 : C:\xampp\htdocs\hris\application\controllers\Dashboard\Home\index 
000000197  2024-11-23 16:41:06  Google Chrome      hari01 : C:\xampp\htdocs\hris\application\controllers\SignIn\logout 
000000198  2024-11-23 16:41:06  Google Chrome      C:\xampp\htdocs\hris\application\controllers\SignIn\index 
000000199  2024-11-23 17:58:31  Google Chrome      C:\xampp\htdocs\hris\application\controllers\SignIn\index 
000000200  2024-11-23 17:58:50  Google Chrome      C:\xampp\htdocs\hris\application\controllers\SignIn\index 
000000201  2024-11-23 17:58:51  Google Chrome      hari01 : C:\xampp\htdocs\hris\application\controllers\Dashboard\Home\index 
000000202  2024-11-23 17:58:56  Google Chrome      hari01 : C:\xampp\htdocs\hris\application\controllers\SignIn\logout 
000000203  2024-11-23 17:58:56  Google Chrome      C:\xampp\htdocs\hris\application\controllers\SignIn\index 
